[0.233s] DEBUG:colcon:Command line arguments: ['/usr/bin/colcon', 'list', '-p', '--base-paths', '/home/atharva/github_projects/Navigation_Stack-Turtlebot']
[0.233s] DEBUG:colcon:Parsed command line arguments: Namespace(log_base=None, log_level=None, verb_name='list', build_base='build', ignore_user_meta=False, metas=['./colcon.meta'], base_paths=['/home/atharva/github_projects/Navigation_Stack-Turtlebot'], packages_ignore=None, packages_ignore_regex=None, paths=None, packages_up_to=None, packages_up_to_regex=None, packages_above=None, packages_above_and_dependencies=None, packages_above_depth=None, packages_select_by_dep=None, packages_skip_by_dep=None, packages_skip_up_to=None, packages_select_build_failed=False, packages_skip_build_finished=False, packages_select_test_failures=False, packages_skip_test_passed=False, packages_select=None, packages_skip=None, packages_select_regex=None, packages_skip_regex=None, packages_start=None, packages_end=None, allow_overriding=[], topological_order=False, names_only=False, paths_only=True, topological_graph=False, topological_graph_dot=False, topological_graph_density=False, topological_graph_legend=False, topological_graph_dot_cluster=False, topological_graph_dot_include_skipped=False, mixin_files=None, mixin=None, verb_parser=<colcon_mixin.mixin.mixin_argument.MixinArgumentDecorator object at 0x7babc815ab60>, verb_extension=<colcon_package_information.verb.list.ListVerb object at 0x7babc8159ae0>, main=<bound method ListVerb.main of <colcon_package_information.verb.list.ListVerb object at 0x7babc8159ae0>>, mixin_verb=('list',))
[0.592s] Level 1:colcon.colcon_core.package_discovery:discover_packages(colcon_meta) check parameters
[0.593s] Level 1:colcon.colcon_core.package_discovery:discover_packages(recursive) check parameters
[0.593s] Level 1:colcon.colcon_core.package_discovery:discover_packages(ignore) check parameters
[0.593s] Level 1:colcon.colcon_core.package_discovery:discover_packages(path) check parameters
[0.593s] Level 1:colcon.colcon_core.package_discovery:discover_packages(recursive) discover
[0.593s] INFO:colcon.colcon_core.package_discovery:Crawling recursively for packages in '/home/atharva/github_projects/Navigation_Stack-Turtlebot'
[0.593s] Level 1:colcon.colcon_core.package_identification:_identify(/home/atharva/github_projects/Navigation_Stack-Turtlebot) by extensions ['ignore', 'ignore_ament_install']
[0.593s] Level 1:colcon.colcon_core.package_identification:_identify(/home/atharva/github_projects/Navigation_Stack-Turtlebot) by extension 'ignore'
[0.594s] Level 1:colcon.colcon_core.package_identification:_identify(/home/atharva/github_projects/Navigation_Stack-Turtlebot) by extension 'ignore_ament_install'
[0.594s] Level 1:colcon.colcon_core.package_identification:_identify(/home/atharva/github_projects/Navigation_Stack-Turtlebot) by extensions ['colcon_pkg']
[0.594s] Level 1:colcon.colcon_core.package_identification:_identify(/home/atharva/github_projects/Navigation_Stack-Turtlebot) by extension 'colcon_pkg'
[0.594s] Level 1:colcon.colcon_core.package_identification:_identify(/home/atharva/github_projects/Navigation_Stack-Turtlebot) by extensions ['colcon_meta']
[0.594s] Level 1:colcon.colcon_core.package_identification:_identify(/home/atharva/github_projects/Navigation_Stack-Turtlebot) by extension 'colcon_meta'
[0.594s] Level 1:colcon.colcon_core.package_identification:_identify(/home/atharva/github_projects/Navigation_Stack-Turtlebot) by extensions ['ros']
[0.594s] Level 1:colcon.colcon_core.package_identification:_identify(/home/atharva/github_projects/Navigation_Stack-Turtlebot) by extension 'ros'
[0.613s] Level 1:colcon.colcon_core.package_identification:_identify(/home/atharva/github_projects/Navigation_Stack-Turtlebot) by extensions ['cmake', 'python']
[0.613s] Level 1:colcon.colcon_core.package_identification:_identify(/home/atharva/github_projects/Navigation_Stack-Turtlebot) by extension 'cmake'
[0.613s] Level 1:colcon.colcon_core.package_identification:_identify(/home/atharva/github_projects/Navigation_Stack-Turtlebot) by extension 'python'
[0.613s] Level 1:colcon.colcon_core.package_identification:_identify(/home/atharva/github_projects/Navigation_Stack-Turtlebot) by extensions ['python_setup_py']
[0.613s] Level 1:colcon.colcon_core.package_identification:_identify(/home/atharva/github_projects/Navigation_Stack-Turtlebot) by extension 'python_setup_py'
[0.613s] Level 1:colcon.colcon_core.package_identification:_identify(/home/atharva/github_projects/Navigation_Stack-Turtlebot/log) by extensions ['ignore', 'ignore_ament_install']
[0.614s] Level 1:colcon.colcon_core.package_identification:_identify(/home/atharva/github_projects/Navigation_Stack-Turtlebot/log) by extension 'ignore'
[0.614s] Level 1:colcon.colcon_core.package_identification:_identify(/home/atharva/github_projects/Navigation_Stack-Turtlebot/log) ignored
[0.614s] Level 1:colcon.colcon_core.package_identification:_identify(/home/atharva/github_projects/Navigation_Stack-Turtlebot/src) by extensions ['ignore', 'ignore_ament_install']
[0.614s] Level 1:colcon.colcon_core.package_identification:_identify(/home/atharva/github_projects/Navigation_Stack-Turtlebot/src) by extension 'ignore'
[0.614s] Level 1:colcon.colcon_core.package_identification:_identify(/home/atharva/github_projects/Navigation_Stack-Turtlebot/src) by extension 'ignore_ament_install'
[0.614s] Level 1:colcon.colcon_core.package_identification:_identify(/home/atharva/github_projects/Navigation_Stack-Turtlebot/src) by extensions ['colcon_pkg']
[0.614s] Level 1:colcon.colcon_core.package_identification:_identify(/home/atharva/github_projects/Navigation_Stack-Turtlebot/src) by extension 'colcon_pkg'
[0.614s] Level 1:colcon.colcon_core.package_identification:_identify(/home/atharva/github_projects/Navigation_Stack-Turtlebot/src) by extensions ['colcon_meta']
[0.614s] Level 1:colcon.colcon_core.package_identification:_identify(/home/atharva/github_projects/Navigation_Stack-Turtlebot/src) by extension 'colcon_meta'
[0.615s] Level 1:colcon.colcon_core.package_identification:_identify(/home/atharva/github_projects/Navigation_Stack-Turtlebot/src) by extensions ['ros']
[0.615s] Level 1:colcon.colcon_core.package_identification:_identify(/home/atharva/github_projects/Navigation_Stack-Turtlebot/src) by extension 'ros'
[0.615s] Level 1:colcon.colcon_core.package_identification:_identify(/home/atharva/github_projects/Navigation_Stack-Turtlebot/src) by extensions ['cmake', 'python']
[0.615s] Level 1:colcon.colcon_core.package_identification:_identify(/home/atharva/github_projects/Navigation_Stack-Turtlebot/src) by extension 'cmake'
[0.615s] Level 1:colcon.colcon_core.package_identification:_identify(/home/atharva/github_projects/Navigation_Stack-Turtlebot/src) by extension 'python'
[0.615s] Level 1:colcon.colcon_core.package_identification:_identify(/home/atharva/github_projects/Navigation_Stack-Turtlebot/src) by extensions ['python_setup_py']
[0.615s] Level 1:colcon.colcon_core.package_identification:_identify(/home/atharva/github_projects/Navigation_Stack-Turtlebot/src) by extension 'python_setup_py'
[0.615s] Level 1:colcon.colcon_core.package_identification:_identify(/home/atharva/github_projects/Navigation_Stack-Turtlebot/src/bumperbot_bringup) by extensions ['ignore', 'ignore_ament_install']
[0.615s] Level 1:colcon.colcon_core.package_identification:_identify(/home/atharva/github_projects/Navigation_Stack-Turtlebot/src/bumperbot_bringup) by extension 'ignore'
[0.616s] Level 1:colcon.colcon_core.package_identification:_identify(/home/atharva/github_projects/Navigation_Stack-Turtlebot/src/bumperbot_bringup) by extension 'ignore_ament_install'
[0.616s] Level 1:colcon.colcon_core.package_identification:_identify(/home/atharva/github_projects/Navigation_Stack-Turtlebot/src/bumperbot_bringup) by extensions ['colcon_pkg']
[0.616s] Level 1:colcon.colcon_core.package_identification:_identify(/home/atharva/github_projects/Navigation_Stack-Turtlebot/src/bumperbot_bringup) by extension 'colcon_pkg'
[0.616s] Level 1:colcon.colcon_core.package_identification:_identify(/home/atharva/github_projects/Navigation_Stack-Turtlebot/src/bumperbot_bringup) by extensions ['colcon_meta']
[0.616s] Level 1:colcon.colcon_core.package_identification:_identify(/home/atharva/github_projects/Navigation_Stack-Turtlebot/src/bumperbot_bringup) by extension 'colcon_meta'
[0.616s] Level 1:colcon.colcon_core.package_identification:_identify(/home/atharva/github_projects/Navigation_Stack-Turtlebot/src/bumperbot_bringup) by extensions ['ros']
[0.616s] Level 1:colcon.colcon_core.package_identification:_identify(/home/atharva/github_projects/Navigation_Stack-Turtlebot/src/bumperbot_bringup) by extension 'ros'
[0.620s] DEBUG:colcon.colcon_core.package_identification:Package '/home/atharva/github_projects/Navigation_Stack-Turtlebot/src/bumperbot_bringup' with type 'ros.ament_cmake' and name 'bumperbot_bringup'
[0.621s] Level 1:colcon.colcon_core.package_identification:_identify(/home/atharva/github_projects/Navigation_Stack-Turtlebot/src/bumperbot_controller) by extensions ['ignore', 'ignore_ament_install']
[0.621s] Level 1:colcon.colcon_core.package_identification:_identify(/home/atharva/github_projects/Navigation_Stack-Turtlebot/src/bumperbot_controller) by extension 'ignore'
[0.621s] Level 1:colcon.colcon_core.package_identification:_identify(/home/atharva/github_projects/Navigation_Stack-Turtlebot/src/bumperbot_controller) by extension 'ignore_ament_install'
[0.621s] Level 1:colcon.colcon_core.package_identification:_identify(/home/atharva/github_projects/Navigation_Stack-Turtlebot/src/bumperbot_controller) by extensions ['colcon_pkg']
[0.621s] Level 1:colcon.colcon_core.package_identification:_identify(/home/atharva/github_projects/Navigation_Stack-Turtlebot/src/bumperbot_controller) by extension 'colcon_pkg'
[0.621s] Level 1:colcon.colcon_core.package_identification:_identify(/home/atharva/github_projects/Navigation_Stack-Turtlebot/src/bumperbot_controller) by extensions ['colcon_meta']
[0.621s] Level 1:colcon.colcon_core.package_identification:_identify(/home/atharva/github_projects/Navigation_Stack-Turtlebot/src/bumperbot_controller) by extension 'colcon_meta'
[0.621s] Level 1:colcon.colcon_core.package_identification:_identify(/home/atharva/github_projects/Navigation_Stack-Turtlebot/src/bumperbot_controller) by extensions ['ros']
[0.621s] Level 1:colcon.colcon_core.package_identification:_identify(/home/atharva/github_projects/Navigation_Stack-Turtlebot/src/bumperbot_controller) by extension 'ros'
[0.625s] DEBUG:colcon.colcon_core.package_identification:Package '/home/atharva/github_projects/Navigation_Stack-Turtlebot/src/bumperbot_controller' with type 'ros.ament_cmake' and name 'bumperbot_controller'
[0.625s] Level 1:colcon.colcon_core.package_identification:_identify(/home/atharva/github_projects/Navigation_Stack-Turtlebot/src/bumperbot_description) by extensions ['ignore', 'ignore_ament_install']
[0.625s] Level 1:colcon.colcon_core.package_identification:_identify(/home/atharva/github_projects/Navigation_Stack-Turtlebot/src/bumperbot_description) by extension 'ignore'
[0.625s] Level 1:colcon.colcon_core.package_identification:_identify(/home/atharva/github_projects/Navigation_Stack-Turtlebot/src/bumperbot_description) by extension 'ignore_ament_install'
[0.625s] Level 1:colcon.colcon_core.package_identification:_identify(/home/atharva/github_projects/Navigation_Stack-Turtlebot/src/bumperbot_description) by extensions ['colcon_pkg']
[0.625s] Level 1:colcon.colcon_core.package_identification:_identify(/home/atharva/github_projects/Navigation_Stack-Turtlebot/src/bumperbot_description) by extension 'colcon_pkg'
[0.626s] Level 1:colcon.colcon_core.package_identification:_identify(/home/atharva/github_projects/Navigation_Stack-Turtlebot/src/bumperbot_description) by extensions ['colcon_meta']
[0.626s] Level 1:colcon.colcon_core.package_identification:_identify(/home/atharva/github_projects/Navigation_Stack-Turtlebot/src/bumperbot_description) by extension 'colcon_meta'
[0.626s] Level 1:colcon.colcon_core.package_identification:_identify(/home/atharva/github_projects/Navigation_Stack-Turtlebot/src/bumperbot_description) by extensions ['ros']
[0.626s] Level 1:colcon.colcon_core.package_identification:_identify(/home/atharva/github_projects/Navigation_Stack-Turtlebot/src/bumperbot_description) by extension 'ros'
[0.631s] DEBUG:colcon.colcon_core.package_identification:Package '/home/atharva/github_projects/Navigation_Stack-Turtlebot/src/bumperbot_description' with type 'ros.ament_cmake' and name 'bumperbot_description'
[0.631s] Level 1:colcon.colcon_core.package_identification:_identify(/home/atharva/github_projects/Navigation_Stack-Turtlebot/src/bumperbot_localization) by extensions ['ignore', 'ignore_ament_install']
[0.631s] Level 1:colcon.colcon_core.package_identification:_identify(/home/atharva/github_projects/Navigation_Stack-Turtlebot/src/bumperbot_localization) by extension 'ignore'
[0.631s] Level 1:colcon.colcon_core.package_identification:_identify(/home/atharva/github_projects/Navigation_Stack-Turtlebot/src/bumperbot_localization) by extension 'ignore_ament_install'
[0.632s] Level 1:colcon.colcon_core.package_identification:_identify(/home/atharva/github_projects/Navigation_Stack-Turtlebot/src/bumperbot_localization) by extensions ['colcon_pkg']
[0.632s] Level 1:colcon.colcon_core.package_identification:_identify(/home/atharva/github_projects/Navigation_Stack-Turtlebot/src/bumperbot_localization) by extension 'colcon_pkg'
[0.632s] Level 1:colcon.colcon_core.package_identification:_identify(/home/atharva/github_projects/Navigation_Stack-Turtlebot/src/bumperbot_localization) by extensions ['colcon_meta']
[0.632s] Level 1:colcon.colcon_core.package_identification:_identify(/home/atharva/github_projects/Navigation_Stack-Turtlebot/src/bumperbot_localization) by extension 'colcon_meta'
[0.632s] Level 1:colcon.colcon_core.package_identification:_identify(/home/atharva/github_projects/Navigation_Stack-Turtlebot/src/bumperbot_localization) by extensions ['ros']
[0.632s] Level 1:colcon.colcon_core.package_identification:_identify(/home/atharva/github_projects/Navigation_Stack-Turtlebot/src/bumperbot_localization) by extension 'ros'
[0.634s] DEBUG:colcon.colcon_core.package_identification:Package '/home/atharva/github_projects/Navigation_Stack-Turtlebot/src/bumperbot_localization' with type 'ros.ament_cmake' and name 'bumperbot_localization'
[0.635s] Level 1:colcon.colcon_core.package_identification:_identify(/home/atharva/github_projects/Navigation_Stack-Turtlebot/src/bumperbot_mapping) by extensions ['ignore', 'ignore_ament_install']
[0.635s] Level 1:colcon.colcon_core.package_identification:_identify(/home/atharva/github_projects/Navigation_Stack-Turtlebot/src/bumperbot_mapping) by extension 'ignore'
[0.635s] Level 1:colcon.colcon_core.package_identification:_identify(/home/atharva/github_projects/Navigation_Stack-Turtlebot/src/bumperbot_mapping) by extension 'ignore_ament_install'
[0.635s] Level 1:colcon.colcon_core.package_identification:_identify(/home/atharva/github_projects/Navigation_Stack-Turtlebot/src/bumperbot_mapping) by extensions ['colcon_pkg']
[0.635s] Level 1:colcon.colcon_core.package_identification:_identify(/home/atharva/github_projects/Navigation_Stack-Turtlebot/src/bumperbot_mapping) by extension 'colcon_pkg'
[0.635s] Level 1:colcon.colcon_core.package_identification:_identify(/home/atharva/github_projects/Navigation_Stack-Turtlebot/src/bumperbot_mapping) by extensions ['colcon_meta']
[0.635s] Level 1:colcon.colcon_core.package_identification:_identify(/home/atharva/github_projects/Navigation_Stack-Turtlebot/src/bumperbot_mapping) by extension 'colcon_meta'
[0.635s] Level 1:colcon.colcon_core.package_identification:_identify(/home/atharva/github_projects/Navigation_Stack-Turtlebot/src/bumperbot_mapping) by extensions ['ros']
[0.635s] Level 1:colcon.colcon_core.package_identification:_identify(/home/atharva/github_projects/Navigation_Stack-Turtlebot/src/bumperbot_mapping) by extension 'ros'
[0.637s] DEBUG:colcon.colcon_core.package_identification:Package '/home/atharva/github_projects/Navigation_Stack-Turtlebot/src/bumperbot_mapping' with type 'ros.ament_cmake' and name 'bumperbot_mapping'
[0.637s] Level 1:colcon.colcon_core.package_identification:_identify(/home/atharva/github_projects/Navigation_Stack-Turtlebot/src/bumperbot_msgs) by extensions ['ignore', 'ignore_ament_install']
[0.637s] Level 1:colcon.colcon_core.package_identification:_identify(/home/atharva/github_projects/Navigation_Stack-Turtlebot/src/bumperbot_msgs) by extension 'ignore'
[0.637s] Level 1:colcon.colcon_core.package_identification:_identify(/home/atharva/github_projects/Navigation_Stack-Turtlebot/src/bumperbot_msgs) by extension 'ignore_ament_install'
[0.638s] Level 1:colcon.colcon_core.package_identification:_identify(/home/atharva/github_projects/Navigation_Stack-Turtlebot/src/bumperbot_msgs) by extensions ['colcon_pkg']
[0.638s] Level 1:colcon.colcon_core.package_identification:_identify(/home/atharva/github_projects/Navigation_Stack-Turtlebot/src/bumperbot_msgs) by extension 'colcon_pkg'
[0.638s] Level 1:colcon.colcon_core.package_identification:_identify(/home/atharva/github_projects/Navigation_Stack-Turtlebot/src/bumperbot_msgs) by extensions ['colcon_meta']
[0.638s] Level 1:colcon.colcon_core.package_identification:_identify(/home/atharva/github_projects/Navigation_Stack-Turtlebot/src/bumperbot_msgs) by extension 'colcon_meta'
[0.638s] Level 1:colcon.colcon_core.package_identification:_identify(/home/atharva/github_projects/Navigation_Stack-Turtlebot/src/bumperbot_msgs) by extensions ['ros']
[0.638s] Level 1:colcon.colcon_core.package_identification:_identify(/home/atharva/github_projects/Navigation_Stack-Turtlebot/src/bumperbot_msgs) by extension 'ros'
[0.639s] DEBUG:colcon.colcon_core.package_identification:Package '/home/atharva/github_projects/Navigation_Stack-Turtlebot/src/bumperbot_msgs' with type 'ros.ament_cmake' and name 'bumperbot_msgs'
[0.639s] Level 1:colcon.colcon_core.package_identification:_identify(/home/atharva/github_projects/Navigation_Stack-Turtlebot/src/bumperbot_planning) by extensions ['ignore', 'ignore_ament_install']
[0.639s] Level 1:colcon.colcon_core.package_identification:_identify(/home/atharva/github_projects/Navigation_Stack-Turtlebot/src/bumperbot_planning) by extension 'ignore'
[0.640s] Level 1:colcon.colcon_core.package_identification:_identify(/home/atharva/github_projects/Navigation_Stack-Turtlebot/src/bumperbot_planning) by extension 'ignore_ament_install'
[0.640s] Level 1:colcon.colcon_core.package_identification:_identify(/home/atharva/github_projects/Navigation_Stack-Turtlebot/src/bumperbot_planning) by extensions ['colcon_pkg']
[0.640s] Level 1:colcon.colcon_core.package_identification:_identify(/home/atharva/github_projects/Navigation_Stack-Turtlebot/src/bumperbot_planning) by extension 'colcon_pkg'
[0.640s] Level 1:colcon.colcon_core.package_identification:_identify(/home/atharva/github_projects/Navigation_Stack-Turtlebot/src/bumperbot_planning) by extensions ['colcon_meta']
[0.640s] Level 1:colcon.colcon_core.package_identification:_identify(/home/atharva/github_projects/Navigation_Stack-Turtlebot/src/bumperbot_planning) by extension 'colcon_meta'
[0.640s] Level 1:colcon.colcon_core.package_identification:_identify(/home/atharva/github_projects/Navigation_Stack-Turtlebot/src/bumperbot_planning) by extensions ['ros']
[0.640s] Level 1:colcon.colcon_core.package_identification:_identify(/home/atharva/github_projects/Navigation_Stack-Turtlebot/src/bumperbot_planning) by extension 'ros'
[0.641s] DEBUG:colcon.colcon_core.package_identification:Package '/home/atharva/github_projects/Navigation_Stack-Turtlebot/src/bumperbot_planning' with type 'ros.ament_cmake' and name 'bumperbot_planning'
[0.641s] Level 1:colcon.colcon_core.package_identification:_identify(/home/atharva/github_projects/Navigation_Stack-Turtlebot/src/bumperbot_utils) by extensions ['ignore', 'ignore_ament_install']
[0.642s] Level 1:colcon.colcon_core.package_identification:_identify(/home/atharva/github_projects/Navigation_Stack-Turtlebot/src/bumperbot_utils) by extension 'ignore'
[0.642s] Level 1:colcon.colcon_core.package_identification:_identify(/home/atharva/github_projects/Navigation_Stack-Turtlebot/src/bumperbot_utils) by extension 'ignore_ament_install'
[0.642s] Level 1:colcon.colcon_core.package_identification:_identify(/home/atharva/github_projects/Navigation_Stack-Turtlebot/src/bumperbot_utils) by extensions ['colcon_pkg']
[0.642s] Level 1:colcon.colcon_core.package_identification:_identify(/home/atharva/github_projects/Navigation_Stack-Turtlebot/src/bumperbot_utils) by extension 'colcon_pkg'
[0.642s] Level 1:colcon.colcon_core.package_identification:_identify(/home/atharva/github_projects/Navigation_Stack-Turtlebot/src/bumperbot_utils) by extensions ['colcon_meta']
[0.642s] Level 1:colcon.colcon_core.package_identification:_identify(/home/atharva/github_projects/Navigation_Stack-Turtlebot/src/bumperbot_utils) by extension 'colcon_meta'
[0.642s] Level 1:colcon.colcon_core.package_identification:_identify(/home/atharva/github_projects/Navigation_Stack-Turtlebot/src/bumperbot_utils) by extensions ['ros']
[0.642s] Level 1:colcon.colcon_core.package_identification:_identify(/home/atharva/github_projects/Navigation_Stack-Turtlebot/src/bumperbot_utils) by extension 'ros'
[0.644s] DEBUG:colcon.colcon_core.package_identification:Package '/home/atharva/github_projects/Navigation_Stack-Turtlebot/src/bumperbot_utils' with type 'ros.ament_cmake' and name 'bumperbot_utils'
[0.645s] Level 1:colcon.colcon_core.package_discovery:discover_packages(recursive) using defaults
